<?xml version="1.0" encoding="UTF-8"?>
<!-- Generated by org.testng.reporters.JUnitReportReporter -->
<testsuite skipped="0" hostname="CHDSEZ148211L" name="TestNGPackage.TestAutomationNGFile" tests="5" failures="0" timestamp="22 May 2018 09:30:10 GMT" time="147.941" errors="0">
  <testcase name="validateLogin" time="16.889" classname="TestNGPackage.TestAutomationNGFile"/>
  <testcase name="searchHotel" time="42.630" classname="TestNGPackage.TestAutomationNGFile"/>
  <testcase name="selectHotel" time="32.734" classname="TestNGPackage.TestAutomationNGFile"/>
  <testcase name="bookingConfirmation" time="14.401" classname="TestNGPackage.TestAutomationNGFile"/>
  <testcase name="logout" time="41.287" classname="TestNGPackage.TestAutomationNGFile"/>
</testsuite> <!-- TestNGPackage.TestAutomationNGFile -->
